<?xml version="1.0" encoding="UTF-8"?>
<testsuite xmlns:xsi="http://www.w3.org/2001/XMLSchema-instance" xsi:noNamespaceSchemaLocation="https://maven.apache.org/surefire/maven-surefire-plugin/xsd/surefire-test-report-3.0.xsd" version="3.0" name="fastfilecontentindex.FastFileContentIndexTest" time="0.206" tests="5" errors="0" skipped="0" failures="0">
  <properties>
[...]
</properties>
  <testcase name="testIndexAndSearch(Path)" classname="fastfilecontentindex.FastFileContentIndexTest" time="0.123"/>
  <testcase name="testTrigramBloomFilterRejection" classname="fastfilecontentindex.FastFileContentIndexTest" time="0.002"/>
  <testcase name="testIncrementalIndexing(Path)" classname="fastfilecontentindex.FastFileContentIndexTest" time="0.007"/>
  <testcase name="test64KbChunking(Path)" classname="fastfilecontentindex.FastFileContentIndexTest" time="0.034"/>
  <testcase name="testUtf8MultiByteOffsets(Path)" classname="fastfilecontentindex.FastFileContentIndexTest" time="0.003"/>
</testsuite>